DEBUG - 2019-05-07 15:53:46 --> UTF-8 Support Enabled
DEBUG - 2019-05-07 15:53:47 --> No URI present. Default controller set.
DEBUG - 2019-05-07 15:53:47 --> Global POST, GET and COOKIE data sanitized
DEBUG - 2019-05-07 15:53:47 --> Config file loaded: D:\Project Adjad\pesantren\backup\github\sisfotren\application\config/app_config.php
ERROR - 2019-05-07 15:53:57 --> Severity: Warning --> mysqli::real_connect(): (HY000/2002): A connection attempt failed because the connected party did not properly respond after a period of time, or established connection failed because connected host has failed to respond.
 D:\Project Adjad\pesantren\backup\github\sisfotren\system\database\drivers\mysqli\mysqli_driver.php 201
ERROR - 2019-05-07 15:53:57 --> Unable to connect to the database
DEBUG - 2019-05-07 15:57:07 --> UTF-8 Support Enabled
DEBUG - 2019-05-07 15:57:07 --> No URI present. Default controller set.
DEBUG - 2019-05-07 15:57:07 --> Global POST, GET and COOKIE data sanitized
DEBUG - 2019-05-07 15:57:07 --> Config file loaded: D:\Project Adjad\pesantren\backup\github\sisfotren\application\config/app_config.php
ERROR - 2019-05-07 15:57:17 --> Severity: Warning --> mysqli::real_connect(): (HY000/2002): A connection attempt failed because the connected party did not properly respond after a period of time, or established connection failed because connected host has failed to respond.
 D:\Project Adjad\pesantren\backup\github\sisfotren\system\database\drivers\mysqli\mysqli_driver.php 201
ERROR - 2019-05-07 15:57:17 --> Unable to connect to the database
DEBUG - 2019-05-07 15:59:18 --> UTF-8 Support Enabled
DEBUG - 2019-05-07 15:59:18 --> No URI present. Default controller set.
DEBUG - 2019-05-07 15:59:18 --> Global POST, GET and COOKIE data sanitized
DEBUG - 2019-05-07 15:59:18 --> Config file loaded: D:\Project Adjad\pesantren\backup\github\sisfotren\application\config/app_config.php
DEBUG - 2019-05-07 15:59:19 --> Session class already loaded. Second attempt ignored.
DEBUG - 2019-05-07 15:59:20 --> Total execution time: 1.1961
DEBUG - 2019-05-07 15:59:21 --> UTF-8 Support Enabled
DEBUG - 2019-05-07 15:59:21 --> Global POST, GET and COOKIE data sanitized
DEBUG - 2019-05-07 15:59:21 --> Config file loaded: D:\Project Adjad\pesantren\backup\github\sisfotren\application\config/app_config.php
DEBUG - 2019-05-07 15:59:21 --> Total execution time: 0.3790
DEBUG - 2019-05-07 15:59:21 --> UTF-8 Support Enabled
DEBUG - 2019-05-07 15:59:21 --> Global POST, GET and COOKIE data sanitized
DEBUG - 2019-05-07 15:59:21 --> Config file loaded: D:\Project Adjad\pesantren\backup\github\sisfotren\application\config/app_config.php
DEBUG - 2019-05-07 15:59:22 --> Total execution time: 0.2745
DEBUG - 2019-05-07 15:59:26 --> UTF-8 Support Enabled
DEBUG - 2019-05-07 15:59:26 --> Global POST, GET and COOKIE data sanitized
DEBUG - 2019-05-07 15:59:26 --> Config file loaded: D:\Project Adjad\pesantren\backup\github\sisfotren\application\config/app_config.php
DEBUG - 2019-05-07 15:59:26 --> Total execution time: 0.1496
DEBUG - 2019-05-07 15:59:28 --> UTF-8 Support Enabled
DEBUG - 2019-05-07 15:59:28 --> Global POST, GET and COOKIE data sanitized
DEBUG - 2019-05-07 15:59:28 --> Config file loaded: D:\Project Adjad\pesantren\backup\github\sisfotren\application\config/app_config.php
DEBUG - 2019-05-07 15:59:28 --> Total execution time: 0.1436
DEBUG - 2019-05-07 15:59:29 --> UTF-8 Support Enabled
DEBUG - 2019-05-07 15:59:29 --> Global POST, GET and COOKIE data sanitized
DEBUG - 2019-05-07 15:59:29 --> Config file loaded: D:\Project Adjad\pesantren\backup\github\sisfotren\application\config/app_config.php
DEBUG - 2019-05-07 15:59:29 --> Total execution time: 0.1428
DEBUG - 2019-05-07 15:59:30 --> UTF-8 Support Enabled
DEBUG - 2019-05-07 15:59:30 --> Global POST, GET and COOKIE data sanitized
DEBUG - 2019-05-07 15:59:30 --> Config file loaded: D:\Project Adjad\pesantren\backup\github\sisfotren\application\config/app_config.php
DEBUG - 2019-05-07 15:59:30 --> Total execution time: 0.1281
DEBUG - 2019-05-07 15:59:32 --> UTF-8 Support Enabled
DEBUG - 2019-05-07 15:59:32 --> Global POST, GET and COOKIE data sanitized
DEBUG - 2019-05-07 15:59:32 --> Config file loaded: D:\Project Adjad\pesantren\backup\github\sisfotren\application\config/app_config.php
DEBUG - 2019-05-07 15:59:32 --> Total execution time: 0.2725
DEBUG - 2019-05-07 15:59:33 --> UTF-8 Support Enabled
DEBUG - 2019-05-07 15:59:33 --> Global POST, GET and COOKIE data sanitized
DEBUG - 2019-05-07 15:59:33 --> Config file loaded: D:\Project Adjad\pesantren\backup\github\sisfotren\application\config/app_config.php
DEBUG - 2019-05-07 15:59:33 --> Total execution time: 0.1306
DEBUG - 2019-05-07 15:59:34 --> UTF-8 Support Enabled
DEBUG - 2019-05-07 15:59:34 --> Global POST, GET and COOKIE data sanitized
DEBUG - 2019-05-07 15:59:34 --> Config file loaded: D:\Project Adjad\pesantren\backup\github\sisfotren\application\config/app_config.php
DEBUG - 2019-05-07 15:59:34 --> Total execution time: 0.1164
DEBUG - 2019-05-07 16:00:24 --> UTF-8 Support Enabled
DEBUG - 2019-05-07 16:00:24 --> Global POST, GET and COOKIE data sanitized
DEBUG - 2019-05-07 16:00:24 --> Config file loaded: D:\Project Adjad\pesantren\backup\github\sisfotren\application\config/app_config.php
DEBUG - 2019-05-07 16:00:24 --> Total execution time: 0.1874
DEBUG - 2019-05-07 16:00:25 --> UTF-8 Support Enabled
DEBUG - 2019-05-07 16:00:25 --> Global POST, GET and COOKIE data sanitized
DEBUG - 2019-05-07 16:00:25 --> Config file loaded: D:\Project Adjad\pesantren\backup\github\sisfotren\application\config/app_config.php
DEBUG - 2019-05-07 16:00:25 --> Total execution time: 0.0972
DEBUG - 2019-05-07 16:04:30 --> UTF-8 Support Enabled
DEBUG - 2019-05-07 16:04:30 --> Global POST, GET and COOKIE data sanitized
DEBUG - 2019-05-07 16:04:31 --> Config file loaded: D:\Project Adjad\pesantren\backup\github\sisfotren\application\config/app_config.php
DEBUG - 2019-05-07 16:04:31 --> Total execution time: 0.0990
DEBUG - 2019-05-07 16:04:32 --> UTF-8 Support Enabled
DEBUG - 2019-05-07 16:04:32 --> Global POST, GET and COOKIE data sanitized
DEBUG - 2019-05-07 16:04:32 --> Config file loaded: D:\Project Adjad\pesantren\backup\github\sisfotren\application\config/app_config.php
DEBUG - 2019-05-07 16:04:32 --> Total execution time: 0.1203
DEBUG - 2019-05-07 16:04:33 --> UTF-8 Support Enabled
DEBUG - 2019-05-07 16:04:33 --> Global POST, GET and COOKIE data sanitized
DEBUG - 2019-05-07 16:04:33 --> Config file loaded: D:\Project Adjad\pesantren\backup\github\sisfotren\application\config/app_config.php
DEBUG - 2019-05-07 16:04:34 --> Total execution time: 0.1459
DEBUG - 2019-05-07 16:04:35 --> UTF-8 Support Enabled
DEBUG - 2019-05-07 16:04:35 --> Global POST, GET and COOKIE data sanitized
DEBUG - 2019-05-07 16:04:35 --> Config file loaded: D:\Project Adjad\pesantren\backup\github\sisfotren\application\config/app_config.php
DEBUG - 2019-05-07 16:04:35 --> Total execution time: 0.1097
DEBUG - 2019-05-07 16:04:45 --> UTF-8 Support Enabled
DEBUG - 2019-05-07 16:04:45 --> Global POST, GET and COOKIE data sanitized
DEBUG - 2019-05-07 16:04:45 --> Config file loaded: D:\Project Adjad\pesantren\backup\github\sisfotren\application\config/app_config.php
DEBUG - 2019-05-07 16:04:47 --> Total execution time: 1.6951
DEBUG - 2019-05-07 16:04:47 --> UTF-8 Support Enabled
DEBUG - 2019-05-07 16:04:47 --> No URI present. Default controller set.
DEBUG - 2019-05-07 16:04:47 --> Global POST, GET and COOKIE data sanitized
DEBUG - 2019-05-07 16:04:47 --> Config file loaded: D:\Project Adjad\pesantren\backup\github\sisfotren\application\config/app_config.php
DEBUG - 2019-05-07 16:04:47 --> Session class already loaded. Second attempt ignored.
DEBUG - 2019-05-07 16:04:47 --> Total execution time: 0.2494
DEBUG - 2019-05-07 16:04:47 --> UTF-8 Support Enabled
DEBUG - 2019-05-07 16:04:47 --> Global POST, GET and COOKIE data sanitized
DEBUG - 2019-05-07 16:04:47 --> Config file loaded: D:\Project Adjad\pesantren\backup\github\sisfotren\application\config/app_config.php
DEBUG - 2019-05-07 16:04:47 --> Total execution time: 0.3170
DEBUG - 2019-05-07 16:04:48 --> UTF-8 Support Enabled
DEBUG - 2019-05-07 16:04:48 --> Global POST, GET and COOKIE data sanitized
DEBUG - 2019-05-07 16:04:48 --> Config file loaded: D:\Project Adjad\pesantren\backup\github\sisfotren\application\config/app_config.php
ERROR - 2019-05-07 16:04:48 --> 404 Page Not Found: 
DEBUG - 2019-05-07 16:04:49 --> UTF-8 Support Enabled
DEBUG - 2019-05-07 16:04:49 --> Global POST, GET and COOKIE data sanitized
DEBUG - 2019-05-07 16:04:49 --> Config file loaded: D:\Project Adjad\pesantren\backup\github\sisfotren\application\config/app_config.php
DEBUG - 2019-05-07 16:04:49 --> Total execution time: 0.1541
DEBUG - 2019-05-07 16:05:15 --> UTF-8 Support Enabled
DEBUG - 2019-05-07 16:05:15 --> No URI present. Default controller set.
DEBUG - 2019-05-07 16:05:15 --> Global POST, GET and COOKIE data sanitized
DEBUG - 2019-05-07 16:05:15 --> Config file loaded: D:\Project Adjad\pesantren\backup\github\sisfotren\application\config/app_config.php
DEBUG - 2019-05-07 16:05:15 --> Session class already loaded. Second attempt ignored.
DEBUG - 2019-05-07 16:05:15 --> Total execution time: 0.1309
DEBUG - 2019-05-07 16:05:15 --> UTF-8 Support Enabled
DEBUG - 2019-05-07 16:05:15 --> UTF-8 Support Enabled
DEBUG - 2019-05-07 16:05:15 --> Global POST, GET and COOKIE data sanitized
DEBUG - 2019-05-07 16:05:15 --> Global POST, GET and COOKIE data sanitized
DEBUG - 2019-05-07 16:05:15 --> Config file loaded: D:\Project Adjad\pesantren\backup\github\sisfotren\application\config/app_config.php
DEBUG - 2019-05-07 16:05:15 --> Config file loaded: D:\Project Adjad\pesantren\backup\github\sisfotren\application\config/app_config.php
DEBUG - 2019-05-07 16:05:15 --> Total execution time: 0.1542
ERROR - 2019-05-07 16:05:15 --> 404 Page Not Found: 
DEBUG - 2019-05-07 16:05:16 --> UTF-8 Support Enabled
DEBUG - 2019-05-07 16:05:16 --> Global POST, GET and COOKIE data sanitized
DEBUG - 2019-05-07 16:05:16 --> Config file loaded: D:\Project Adjad\pesantren\backup\github\sisfotren\application\config/app_config.php
DEBUG - 2019-05-07 16:05:16 --> Total execution time: 0.1399
DEBUG - 2019-05-07 16:05:59 --> UTF-8 Support Enabled
DEBUG - 2019-05-07 16:05:59 --> No URI present. Default controller set.
DEBUG - 2019-05-07 16:05:59 --> Global POST, GET and COOKIE data sanitized
DEBUG - 2019-05-07 16:05:59 --> Config file loaded: D:\Project Adjad\pesantren\backup\github\sisfotren\application\config/app_config.php
DEBUG - 2019-05-07 16:05:59 --> Session class already loaded. Second attempt ignored.
DEBUG - 2019-05-07 16:05:59 --> Total execution time: 0.1125
DEBUG - 2019-05-07 16:05:59 --> UTF-8 Support Enabled
DEBUG - 2019-05-07 16:05:59 --> UTF-8 Support Enabled
DEBUG - 2019-05-07 16:06:00 --> Global POST, GET and COOKIE data sanitized
DEBUG - 2019-05-07 16:06:00 --> Global POST, GET and COOKIE data sanitized
DEBUG - 2019-05-07 16:06:00 --> Config file loaded: D:\Project Adjad\pesantren\backup\github\sisfotren\application\config/app_config.php
DEBUG - 2019-05-07 16:06:00 --> Config file loaded: D:\Project Adjad\pesantren\backup\github\sisfotren\application\config/app_config.php
DEBUG - 2019-05-07 16:06:00 --> Total execution time: 0.5866
ERROR - 2019-05-07 16:06:00 --> 404 Page Not Found: 
DEBUG - 2019-05-07 16:06:00 --> UTF-8 Support Enabled
DEBUG - 2019-05-07 16:06:00 --> Global POST, GET and COOKIE data sanitized
DEBUG - 2019-05-07 16:06:00 --> Config file loaded: D:\Project Adjad\pesantren\backup\github\sisfotren\application\config/app_config.php
DEBUG - 2019-05-07 16:06:01 --> Total execution time: 0.1559
DEBUG - 2019-05-07 16:08:00 --> UTF-8 Support Enabled
DEBUG - 2019-05-07 16:08:00 --> No URI present. Default controller set.
DEBUG - 2019-05-07 16:08:00 --> Global POST, GET and COOKIE data sanitized
DEBUG - 2019-05-07 16:08:00 --> Config file loaded: D:\Project Adjad\pesantren\backup\github\sisfotren\application\config/app_config.php
DEBUG - 2019-05-07 16:08:00 --> Session class already loaded. Second attempt ignored.
DEBUG - 2019-05-07 16:08:00 --> Total execution time: 0.1024
DEBUG - 2019-05-07 16:08:00 --> UTF-8 Support Enabled
DEBUG - 2019-05-07 16:08:00 --> UTF-8 Support Enabled
DEBUG - 2019-05-07 16:08:00 --> Global POST, GET and COOKIE data sanitized
DEBUG - 2019-05-07 16:08:00 --> Global POST, GET and COOKIE data sanitized
DEBUG - 2019-05-07 16:08:00 --> Config file loaded: D:\Project Adjad\pesantren\backup\github\sisfotren\application\config/app_config.php
DEBUG - 2019-05-07 16:08:00 --> Config file loaded: D:\Project Adjad\pesantren\backup\github\sisfotren\application\config/app_config.php
ERROR - 2019-05-07 16:08:00 --> 404 Page Not Found: 
DEBUG - 2019-05-07 16:08:00 --> Total execution time: 0.1318
DEBUG - 2019-05-07 16:08:33 --> UTF-8 Support Enabled
DEBUG - 2019-05-07 16:08:33 --> No URI present. Default controller set.
DEBUG - 2019-05-07 16:08:33 --> Global POST, GET and COOKIE data sanitized
DEBUG - 2019-05-07 16:08:33 --> Config file loaded: D:\Project Adjad\pesantren\backup\github\sisfotren\application\config/app_config.php
DEBUG - 2019-05-07 16:08:33 --> Session class already loaded. Second attempt ignored.
DEBUG - 2019-05-07 16:08:33 --> Total execution time: 0.1239
DEBUG - 2019-05-07 16:08:34 --> UTF-8 Support Enabled
DEBUG - 2019-05-07 16:08:34 --> Global POST, GET and COOKIE data sanitized
DEBUG - 2019-05-07 16:08:34 --> UTF-8 Support Enabled
DEBUG - 2019-05-07 16:08:34 --> Config file loaded: D:\Project Adjad\pesantren\backup\github\sisfotren\application\config/app_config.php
DEBUG - 2019-05-07 16:08:34 --> Global POST, GET and COOKIE data sanitized
DEBUG - 2019-05-07 16:08:34 --> Config file loaded: D:\Project Adjad\pesantren\backup\github\sisfotren\application\config/app_config.php
DEBUG - 2019-05-07 16:08:34 --> Total execution time: 0.1635
ERROR - 2019-05-07 16:08:34 --> 404 Page Not Found: 
DEBUG - 2019-05-07 16:08:34 --> UTF-8 Support Enabled
DEBUG - 2019-05-07 16:08:34 --> Global POST, GET and COOKIE data sanitized
DEBUG - 2019-05-07 16:08:35 --> Config file loaded: D:\Project Adjad\pesantren\backup\github\sisfotren\application\config/app_config.php
DEBUG - 2019-05-07 16:08:35 --> Total execution time: 0.2255
DEBUG - 2019-05-07 16:09:18 --> UTF-8 Support Enabled
DEBUG - 2019-05-07 16:09:18 --> No URI present. Default controller set.
DEBUG - 2019-05-07 16:09:18 --> Global POST, GET and COOKIE data sanitized
DEBUG - 2019-05-07 16:09:18 --> Config file loaded: D:\Project Adjad\pesantren\backup\github\sisfotren\application\config/app_config.php
DEBUG - 2019-05-07 16:09:18 --> Session class already loaded. Second attempt ignored.
DEBUG - 2019-05-07 16:09:18 --> Total execution time: 0.1436
DEBUG - 2019-05-07 16:09:19 --> UTF-8 Support Enabled
DEBUG - 2019-05-07 16:09:19 --> Global POST, GET and COOKIE data sanitized
DEBUG - 2019-05-07 16:09:19 --> Config file loaded: D:\Project Adjad\pesantren\backup\github\sisfotren\application\config/app_config.php
DEBUG - 2019-05-07 16:09:19 --> UTF-8 Support Enabled
DEBUG - 2019-05-07 16:09:19 --> Global POST, GET and COOKIE data sanitized
DEBUG - 2019-05-07 16:09:19 --> Config file loaded: D:\Project Adjad\pesantren\backup\github\sisfotren\application\config/app_config.php
DEBUG - 2019-05-07 16:09:19 --> Total execution time: 0.1962
ERROR - 2019-05-07 16:09:19 --> 404 Page Not Found: 
DEBUG - 2019-05-07 16:09:20 --> UTF-8 Support Enabled
DEBUG - 2019-05-07 16:09:20 --> UTF-8 Support Enabled
DEBUG - 2019-05-07 16:09:20 --> Global POST, GET and COOKIE data sanitized
DEBUG - 2019-05-07 16:09:20 --> Global POST, GET and COOKIE data sanitized
DEBUG - 2019-05-07 16:09:20 --> Config file loaded: D:\Project Adjad\pesantren\backup\github\sisfotren\application\config/app_config.php
DEBUG - 2019-05-07 16:09:20 --> Config file loaded: D:\Project Adjad\pesantren\backup\github\sisfotren\application\config/app_config.php
ERROR - 2019-05-07 16:09:20 --> 404 Page Not Found: 
ERROR - 2019-05-07 16:09:20 --> 404 Page Not Found: 
DEBUG - 2019-05-07 16:09:20 --> UTF-8 Support Enabled
DEBUG - 2019-05-07 16:09:20 --> UTF-8 Support Enabled
DEBUG - 2019-05-07 16:09:20 --> Global POST, GET and COOKIE data sanitized
DEBUG - 2019-05-07 16:09:20 --> Config file loaded: D:\Project Adjad\pesantren\backup\github\sisfotren\application\config/app_config.php
DEBUG - 2019-05-07 16:09:20 --> Global POST, GET and COOKIE data sanitized
DEBUG - 2019-05-07 16:09:20 --> Config file loaded: D:\Project Adjad\pesantren\backup\github\sisfotren\application\config/app_config.php
DEBUG - 2019-05-07 16:09:20 --> Total execution time: 0.2031
ERROR - 2019-05-07 16:09:20 --> 404 Page Not Found: 
DEBUG - 2019-05-07 16:11:14 --> UTF-8 Support Enabled
DEBUG - 2019-05-07 16:11:14 --> No URI present. Default controller set.
DEBUG - 2019-05-07 16:11:14 --> Global POST, GET and COOKIE data sanitized
DEBUG - 2019-05-07 16:11:14 --> Config file loaded: D:\Project Adjad\pesantren\backup\github\sisfotren\application\config/app_config.php
DEBUG - 2019-05-07 16:11:14 --> Session class already loaded. Second attempt ignored.
DEBUG - 2019-05-07 16:11:14 --> Total execution time: 0.1222
DEBUG - 2019-05-07 16:11:14 --> UTF-8 Support Enabled
DEBUG - 2019-05-07 16:11:14 --> Global POST, GET and COOKIE data sanitized
DEBUG - 2019-05-07 16:11:14 --> UTF-8 Support Enabled
DEBUG - 2019-05-07 16:11:14 --> Config file loaded: D:\Project Adjad\pesantren\backup\github\sisfotren\application\config/app_config.php
DEBUG - 2019-05-07 16:11:14 --> Global POST, GET and COOKIE data sanitized
DEBUG - 2019-05-07 16:11:14 --> Config file loaded: D:\Project Adjad\pesantren\backup\github\sisfotren\application\config/app_config.php
ERROR - 2019-05-07 16:11:14 --> 404 Page Not Found: 
DEBUG - 2019-05-07 16:11:14 --> Total execution time: 0.1842
DEBUG - 2019-05-07 16:11:15 --> UTF-8 Support Enabled
DEBUG - 2019-05-07 16:11:15 --> Global POST, GET and COOKIE data sanitized
DEBUG - 2019-05-07 16:11:15 --> Config file loaded: D:\Project Adjad\pesantren\backup\github\sisfotren\application\config/app_config.php
ERROR - 2019-05-07 16:11:15 --> 404 Page Not Found: 
DEBUG - 2019-05-07 16:11:15 --> UTF-8 Support Enabled
DEBUG - 2019-05-07 16:11:15 --> UTF-8 Support Enabled
DEBUG - 2019-05-07 16:11:15 --> Global POST, GET and COOKIE data sanitized
DEBUG - 2019-05-07 16:11:15 --> Config file loaded: D:\Project Adjad\pesantren\backup\github\sisfotren\application\config/app_config.php
DEBUG - 2019-05-07 16:11:15 --> Global POST, GET and COOKIE data sanitized
DEBUG - 2019-05-07 16:11:15 --> Config file loaded: D:\Project Adjad\pesantren\backup\github\sisfotren\application\config/app_config.php
ERROR - 2019-05-07 16:11:15 --> 404 Page Not Found: 
DEBUG - 2019-05-07 16:11:15 --> UTF-8 Support Enabled
DEBUG - 2019-05-07 16:11:15 --> Total execution time: 0.2151
DEBUG - 2019-05-07 16:11:15 --> Global POST, GET and COOKIE data sanitized
DEBUG - 2019-05-07 16:11:15 --> Config file loaded: D:\Project Adjad\pesantren\backup\github\sisfotren\application\config/app_config.php
ERROR - 2019-05-07 16:11:15 --> 404 Page Not Found: 
DEBUG - 2019-05-07 16:11:58 --> UTF-8 Support Enabled
DEBUG - 2019-05-07 16:11:58 --> No URI present. Default controller set.
DEBUG - 2019-05-07 16:11:58 --> Global POST, GET and COOKIE data sanitized
DEBUG - 2019-05-07 16:11:58 --> Config file loaded: D:\Project Adjad\pesantren\backup\github\sisfotren\application\config/app_config.php
DEBUG - 2019-05-07 16:11:58 --> Session class already loaded. Second attempt ignored.
DEBUG - 2019-05-07 16:11:58 --> Total execution time: 0.1152
DEBUG - 2019-05-07 16:11:58 --> UTF-8 Support Enabled
DEBUG - 2019-05-07 16:11:58 --> UTF-8 Support Enabled
DEBUG - 2019-05-07 16:11:58 --> Global POST, GET and COOKIE data sanitized
DEBUG - 2019-05-07 16:11:58 --> Global POST, GET and COOKIE data sanitized
DEBUG - 2019-05-07 16:11:58 --> Config file loaded: D:\Project Adjad\pesantren\backup\github\sisfotren\application\config/app_config.php
DEBUG - 2019-05-07 16:11:58 --> Config file loaded: D:\Project Adjad\pesantren\backup\github\sisfotren\application\config/app_config.php
ERROR - 2019-05-07 16:11:58 --> 404 Page Not Found: 
DEBUG - 2019-05-07 16:11:58 --> Total execution time: 0.1868
DEBUG - 2019-05-07 16:11:59 --> UTF-8 Support Enabled
DEBUG - 2019-05-07 16:11:59 --> Global POST, GET and COOKIE data sanitized
DEBUG - 2019-05-07 16:11:59 --> Config file loaded: D:\Project Adjad\pesantren\backup\github\sisfotren\application\config/app_config.php
DEBUG - 2019-05-07 16:11:59 --> UTF-8 Support Enabled
ERROR - 2019-05-07 16:11:59 --> 404 Page Not Found: 
DEBUG - 2019-05-07 16:11:59 --> Global POST, GET and COOKIE data sanitized
DEBUG - 2019-05-07 16:11:59 --> Config file loaded: D:\Project Adjad\pesantren\backup\github\sisfotren\application\config/app_config.php
ERROR - 2019-05-07 16:11:59 --> 404 Page Not Found: 
DEBUG - 2019-05-07 16:11:59 --> UTF-8 Support Enabled
DEBUG - 2019-05-07 16:11:59 --> Global POST, GET and COOKIE data sanitized
DEBUG - 2019-05-07 16:11:59 --> Config file loaded: D:\Project Adjad\pesantren\backup\github\sisfotren\application\config/app_config.php
ERROR - 2019-05-07 16:11:59 --> 404 Page Not Found: 
DEBUG - 2019-05-07 16:12:00 --> UTF-8 Support Enabled
DEBUG - 2019-05-07 16:12:00 --> Global POST, GET and COOKIE data sanitized
DEBUG - 2019-05-07 16:12:00 --> Config file loaded: D:\Project Adjad\pesantren\backup\github\sisfotren\application\config/app_config.php
DEBUG - 2019-05-07 16:12:00 --> Total execution time: 0.4467
DEBUG - 2019-05-07 16:18:04 --> UTF-8 Support Enabled
DEBUG - 2019-05-07 16:18:04 --> No URI present. Default controller set.
DEBUG - 2019-05-07 16:18:04 --> Global POST, GET and COOKIE data sanitized
DEBUG - 2019-05-07 16:18:04 --> Config file loaded: D:\Project Adjad\pesantren\backup\github\sisfotren\application\config/app_config.php
DEBUG - 2019-05-07 16:18:04 --> Session class already loaded. Second attempt ignored.
DEBUG - 2019-05-07 16:18:04 --> Total execution time: 0.1149
DEBUG - 2019-05-07 16:18:05 --> UTF-8 Support Enabled
DEBUG - 2019-05-07 16:18:05 --> Global POST, GET and COOKIE data sanitized
DEBUG - 2019-05-07 16:18:05 --> Config file loaded: D:\Project Adjad\pesantren\backup\github\sisfotren\application\config/app_config.php
ERROR - 2019-05-07 16:18:05 --> 404 Page Not Found: 
DEBUG - 2019-05-07 16:18:05 --> UTF-8 Support Enabled
DEBUG - 2019-05-07 16:18:05 --> Global POST, GET and COOKIE data sanitized
DEBUG - 2019-05-07 16:18:05 --> Config file loaded: D:\Project Adjad\pesantren\backup\github\sisfotren\application\config/app_config.php
DEBUG - 2019-05-07 16:18:05 --> Total execution time: 0.1483
DEBUG - 2019-05-07 16:18:06 --> UTF-8 Support Enabled
DEBUG - 2019-05-07 16:18:06 --> Global POST, GET and COOKIE data sanitized
DEBUG - 2019-05-07 16:18:06 --> Config file loaded: D:\Project Adjad\pesantren\backup\github\sisfotren\application\config/app_config.php
ERROR - 2019-05-07 16:18:06 --> 404 Page Not Found: 
DEBUG - 2019-05-07 16:18:06 --> UTF-8 Support Enabled
DEBUG - 2019-05-07 16:18:06 --> UTF-8 Support Enabled
DEBUG - 2019-05-07 16:18:06 --> Global POST, GET and COOKIE data sanitized
DEBUG - 2019-05-07 16:18:06 --> Global POST, GET and COOKIE data sanitized
DEBUG - 2019-05-07 16:18:06 --> Config file loaded: D:\Project Adjad\pesantren\backup\github\sisfotren\application\config/app_config.php
DEBUG - 2019-05-07 16:18:06 --> Config file loaded: D:\Project Adjad\pesantren\backup\github\sisfotren\application\config/app_config.php
ERROR - 2019-05-07 16:18:06 --> 404 Page Not Found: 
DEBUG - 2019-05-07 16:18:06 --> Total execution time: 0.2198
DEBUG - 2019-05-07 16:18:06 --> UTF-8 Support Enabled
DEBUG - 2019-05-07 16:18:06 --> Global POST, GET and COOKIE data sanitized
DEBUG - 2019-05-07 16:18:06 --> Config file loaded: D:\Project Adjad\pesantren\backup\github\sisfotren\application\config/app_config.php
DEBUG - 2019-05-07 16:18:06 --> Total execution time: 0.2764
DEBUG - 2019-05-07 16:18:06 --> UTF-8 Support Enabled
DEBUG - 2019-05-07 16:18:06 --> Global POST, GET and COOKIE data sanitized
DEBUG - 2019-05-07 16:18:06 --> Config file loaded: D:\Project Adjad\pesantren\backup\github\sisfotren\application\config/app_config.php
DEBUG - 2019-05-07 16:18:07 --> Total execution time: 0.1275
DEBUG - 2019-05-07 16:18:07 --> UTF-8 Support Enabled
DEBUG - 2019-05-07 16:18:07 --> UTF-8 Support Enabled
DEBUG - 2019-05-07 16:18:07 --> Global POST, GET and COOKIE data sanitized
DEBUG - 2019-05-07 16:18:07 --> Global POST, GET and COOKIE data sanitized
DEBUG - 2019-05-07 16:18:07 --> Config file loaded: D:\Project Adjad\pesantren\backup\github\sisfotren\application\config/app_config.php
DEBUG - 2019-05-07 16:18:07 --> Config file loaded: D:\Project Adjad\pesantren\backup\github\sisfotren\application\config/app_config.php
ERROR - 2019-05-07 16:18:07 --> 404 Page Not Found: 
ERROR - 2019-05-07 16:18:07 --> 404 Page Not Found: 
DEBUG - 2019-05-07 16:18:07 --> UTF-8 Support Enabled
DEBUG - 2019-05-07 16:18:07 --> Global POST, GET and COOKIE data sanitized
DEBUG - 2019-05-07 16:18:07 --> UTF-8 Support Enabled
DEBUG - 2019-05-07 16:18:07 --> Config file loaded: D:\Project Adjad\pesantren\backup\github\sisfotren\application\config/app_config.php
DEBUG - 2019-05-07 16:18:07 --> Global POST, GET and COOKIE data sanitized
DEBUG - 2019-05-07 16:18:07 --> UTF-8 Support Enabled
DEBUG - 2019-05-07 16:18:07 --> Global POST, GET and COOKIE data sanitized
DEBUG - 2019-05-07 16:18:07 --> Config file loaded: D:\Project Adjad\pesantren\backup\github\sisfotren\application\config/app_config.php
DEBUG - 2019-05-07 16:18:07 --> Config file loaded: D:\Project Adjad\pesantren\backup\github\sisfotren\application\config/app_config.php
ERROR - 2019-05-07 16:18:07 --> 404 Page Not Found: 
ERROR - 2019-05-07 16:18:07 --> 404 Page Not Found: 
ERROR - 2019-05-07 16:18:07 --> 404 Page Not Found: 
DEBUG - 2019-05-07 16:19:44 --> UTF-8 Support Enabled
DEBUG - 2019-05-07 16:19:44 --> Global POST, GET and COOKIE data sanitized
DEBUG - 2019-05-07 16:19:44 --> Config file loaded: D:\Project Adjad\pesantren\backup\github\sisfotren\application\config/app_config.php
ERROR - 2019-05-07 16:19:44 --> 404 Page Not Found: 
DEBUG - 2019-05-07 16:22:05 --> UTF-8 Support Enabled
DEBUG - 2019-05-07 16:22:05 --> No URI present. Default controller set.
DEBUG - 2019-05-07 16:22:05 --> Global POST, GET and COOKIE data sanitized
DEBUG - 2019-05-07 16:22:05 --> Config file loaded: D:\Project Adjad\pesantren\backup\github\sisfotren\application\config/app_config.php
DEBUG - 2019-05-07 16:22:05 --> Session class already loaded. Second attempt ignored.
DEBUG - 2019-05-07 16:22:05 --> Total execution time: 0.0991
DEBUG - 2019-05-07 16:22:05 --> UTF-8 Support Enabled
DEBUG - 2019-05-07 16:22:05 --> Global POST, GET and COOKIE data sanitized
DEBUG - 2019-05-07 16:22:05 --> UTF-8 Support Enabled
DEBUG - 2019-05-07 16:22:05 --> Config file loaded: D:\Project Adjad\pesantren\backup\github\sisfotren\application\config/app_config.php
DEBUG - 2019-05-07 16:22:05 --> Global POST, GET and COOKIE data sanitized
DEBUG - 2019-05-07 16:22:05 --> Config file loaded: D:\Project Adjad\pesantren\backup\github\sisfotren\application\config/app_config.php
ERROR - 2019-05-07 16:22:06 --> 404 Page Not Found: 
DEBUG - 2019-05-07 16:22:06 --> Total execution time: 0.1853
DEBUG - 2019-05-07 16:22:06 --> UTF-8 Support Enabled
DEBUG - 2019-05-07 16:22:06 --> Global POST, GET and COOKIE data sanitized
DEBUG - 2019-05-07 16:22:06 --> Config file loaded: D:\Project Adjad\pesantren\backup\github\sisfotren\application\config/app_config.php
DEBUG - 2019-05-07 16:22:06 --> UTF-8 Support Enabled
DEBUG - 2019-05-07 16:22:06 --> Global POST, GET and COOKIE data sanitized
DEBUG - 2019-05-07 16:22:06 --> Config file loaded: D:\Project Adjad\pesantren\backup\github\sisfotren\application\config/app_config.php
ERROR - 2019-05-07 16:22:06 --> 404 Page Not Found: 
DEBUG - 2019-05-07 16:22:06 --> Total execution time: 0.1504
DEBUG - 2019-05-07 16:22:06 --> UTF-8 Support Enabled
DEBUG - 2019-05-07 16:22:06 --> Global POST, GET and COOKIE data sanitized
DEBUG - 2019-05-07 16:22:06 --> Config file loaded: D:\Project Adjad\pesantren\backup\github\sisfotren\application\config/app_config.php
ERROR - 2019-05-07 16:22:07 --> 404 Page Not Found: 
DEBUG - 2019-05-07 16:22:07 --> UTF-8 Support Enabled
DEBUG - 2019-05-07 16:22:07 --> Global POST, GET and COOKIE data sanitized
DEBUG - 2019-05-07 16:22:07 --> Config file loaded: D:\Project Adjad\pesantren\backup\github\sisfotren\application\config/app_config.php
ERROR - 2019-05-07 16:22:07 --> 404 Page Not Found: 
DEBUG - 2019-05-07 16:23:57 --> UTF-8 Support Enabled
DEBUG - 2019-05-07 16:23:57 --> No URI present. Default controller set.
DEBUG - 2019-05-07 16:23:57 --> Global POST, GET and COOKIE data sanitized
DEBUG - 2019-05-07 16:23:57 --> Config file loaded: D:\Project Adjad\pesantren\backup\github\sisfotren\application\config/app_config.php
DEBUG - 2019-05-07 16:23:57 --> Session class already loaded. Second attempt ignored.
DEBUG - 2019-05-07 16:23:57 --> Total execution time: 0.1016
DEBUG - 2019-05-07 16:23:57 --> UTF-8 Support Enabled
DEBUG - 2019-05-07 16:23:57 --> Global POST, GET and COOKIE data sanitized
DEBUG - 2019-05-07 16:23:57 --> UTF-8 Support Enabled
DEBUG - 2019-05-07 16:23:57 --> Config file loaded: D:\Project Adjad\pesantren\backup\github\sisfotren\application\config/app_config.php
DEBUG - 2019-05-07 16:23:57 --> Global POST, GET and COOKIE data sanitized
DEBUG - 2019-05-07 16:23:57 --> Config file loaded: D:\Project Adjad\pesantren\backup\github\sisfotren\application\config/app_config.php
ERROR - 2019-05-07 16:23:57 --> 404 Page Not Found: 
DEBUG - 2019-05-07 16:23:57 --> Total execution time: 0.1271
DEBUG - 2019-05-07 16:23:58 --> UTF-8 Support Enabled
DEBUG - 2019-05-07 16:23:58 --> Global POST, GET and COOKIE data sanitized
DEBUG - 2019-05-07 16:23:58 --> Config file loaded: D:\Project Adjad\pesantren\backup\github\sisfotren\application\config/app_config.php
DEBUG - 2019-05-07 16:23:58 --> UTF-8 Support Enabled
DEBUG - 2019-05-07 16:23:58 --> Global POST, GET and COOKIE data sanitized
ERROR - 2019-05-07 16:23:58 --> 404 Page Not Found: 
DEBUG - 2019-05-07 16:23:58 --> Config file loaded: D:\Project Adjad\pesantren\backup\github\sisfotren\application\config/app_config.php
DEBUG - 2019-05-07 16:23:58 --> UTF-8 Support Enabled
DEBUG - 2019-05-07 16:23:58 --> Global POST, GET and COOKIE data sanitized
DEBUG - 2019-05-07 16:23:58 --> Config file loaded: D:\Project Adjad\pesantren\backup\github\sisfotren\application\config/app_config.php
DEBUG - 2019-05-07 16:23:58 --> Total execution time: 0.2338
ERROR - 2019-05-07 16:23:58 --> 404 Page Not Found: 
DEBUG - 2019-05-07 16:23:58 --> UTF-8 Support Enabled
DEBUG - 2019-05-07 16:23:58 --> Global POST, GET and COOKIE data sanitized
DEBUG - 2019-05-07 16:23:58 --> Config file loaded: D:\Project Adjad\pesantren\backup\github\sisfotren\application\config/app_config.php
ERROR - 2019-05-07 16:23:58 --> 404 Page Not Found: 
DEBUG - 2019-05-07 16:27:17 --> UTF-8 Support Enabled
DEBUG - 2019-05-07 16:27:17 --> No URI present. Default controller set.
DEBUG - 2019-05-07 16:27:17 --> Global POST, GET and COOKIE data sanitized
DEBUG - 2019-05-07 16:27:17 --> Config file loaded: D:\Project Adjad\pesantren\backup\github\sisfotren\application\config/app_config.php
DEBUG - 2019-05-07 16:27:17 --> Session class already loaded. Second attempt ignored.
DEBUG - 2019-05-07 16:27:17 --> Total execution time: 0.1142
DEBUG - 2019-05-07 16:27:17 --> UTF-8 Support Enabled
DEBUG - 2019-05-07 16:27:17 --> UTF-8 Support Enabled
DEBUG - 2019-05-07 16:27:17 --> Global POST, GET and COOKIE data sanitized
DEBUG - 2019-05-07 16:27:17 --> Global POST, GET and COOKIE data sanitized
DEBUG - 2019-05-07 16:27:17 --> Config file loaded: D:\Project Adjad\pesantren\backup\github\sisfotren\application\config/app_config.php
DEBUG - 2019-05-07 16:27:17 --> Config file loaded: D:\Project Adjad\pesantren\backup\github\sisfotren\application\config/app_config.php
DEBUG - 2019-05-07 16:27:17 --> Total execution time: 0.1861
ERROR - 2019-05-07 16:27:17 --> 404 Page Not Found: 
DEBUG - 2019-05-07 16:27:18 --> UTF-8 Support Enabled
DEBUG - 2019-05-07 16:27:18 --> Global POST, GET and COOKIE data sanitized
DEBUG - 2019-05-07 16:27:18 --> Config file loaded: D:\Project Adjad\pesantren\backup\github\sisfotren\application\config/app_config.php
DEBUG - 2019-05-07 16:27:18 --> UTF-8 Support Enabled
DEBUG - 2019-05-07 16:27:18 --> Global POST, GET and COOKIE data sanitized
DEBUG - 2019-05-07 16:27:18 --> Config file loaded: D:\Project Adjad\pesantren\backup\github\sisfotren\application\config/app_config.php
ERROR - 2019-05-07 16:27:18 --> 404 Page Not Found: 
ERROR - 2019-05-07 16:27:18 --> 404 Page Not Found: 
DEBUG - 2019-05-07 16:27:18 --> UTF-8 Support Enabled
DEBUG - 2019-05-07 16:27:18 --> Global POST, GET and COOKIE data sanitized
DEBUG - 2019-05-07 16:27:18 --> Config file loaded: D:\Project Adjad\pesantren\backup\github\sisfotren\application\config/app_config.php
DEBUG - 2019-05-07 16:27:18 --> Total execution time: 0.2261
DEBUG - 2019-05-07 16:27:18 --> UTF-8 Support Enabled
DEBUG - 2019-05-07 16:27:18 --> Global POST, GET and COOKIE data sanitized
DEBUG - 2019-05-07 16:27:18 --> Config file loaded: D:\Project Adjad\pesantren\backup\github\sisfotren\application\config/app_config.php
ERROR - 2019-05-07 16:27:19 --> 404 Page Not Found: 
DEBUG - 2019-05-07 16:27:47 --> UTF-8 Support Enabled
DEBUG - 2019-05-07 16:27:47 --> Global POST, GET and COOKIE data sanitized
DEBUG - 2019-05-07 16:27:47 --> Config file loaded: D:\Project Adjad\pesantren\backup\github\sisfotren\application\config/app_config.php
ERROR - 2019-05-07 16:27:47 --> 404 Page Not Found: 
DEBUG - 2019-05-07 16:37:19 --> UTF-8 Support Enabled
DEBUG - 2019-05-07 16:37:19 --> No URI present. Default controller set.
DEBUG - 2019-05-07 16:37:19 --> Global POST, GET and COOKIE data sanitized
DEBUG - 2019-05-07 16:37:19 --> Config file loaded: D:\Project Adjad\pesantren\backup\github\sisfotren\application\config/app_config.php
DEBUG - 2019-05-07 16:37:19 --> Session class already loaded. Second attempt ignored.
DEBUG - 2019-05-07 16:37:19 --> Total execution time: 0.1087
DEBUG - 2019-05-07 16:37:19 --> UTF-8 Support Enabled
DEBUG - 2019-05-07 16:37:19 --> Global POST, GET and COOKIE data sanitized
DEBUG - 2019-05-07 16:37:19 --> Config file loaded: D:\Project Adjad\pesantren\backup\github\sisfotren\application\config/app_config.php
ERROR - 2019-05-07 16:37:19 --> 404 Page Not Found: 
DEBUG - 2019-05-07 16:37:19 --> UTF-8 Support Enabled
DEBUG - 2019-05-07 16:37:19 --> Global POST, GET and COOKIE data sanitized
DEBUG - 2019-05-07 16:37:19 --> Config file loaded: D:\Project Adjad\pesantren\backup\github\sisfotren\application\config/app_config.php
DEBUG - 2019-05-07 16:37:20 --> Total execution time: 0.1360
DEBUG - 2019-05-07 16:37:20 --> UTF-8 Support Enabled
DEBUG - 2019-05-07 16:37:20 --> Global POST, GET and COOKIE data sanitized
DEBUG - 2019-05-07 16:37:20 --> Config file loaded: D:\Project Adjad\pesantren\backup\github\sisfotren\application\config/app_config.php
ERROR - 2019-05-07 16:37:20 --> 404 Page Not Found: 
DEBUG - 2019-05-07 16:37:20 --> UTF-8 Support Enabled
DEBUG - 2019-05-07 16:37:20 --> Global POST, GET and COOKIE data sanitized
DEBUG - 2019-05-07 16:37:20 --> Config file loaded: D:\Project Adjad\pesantren\backup\github\sisfotren\application\config/app_config.php
DEBUG - 2019-05-07 16:37:20 --> UTF-8 Support Enabled
DEBUG - 2019-05-07 16:37:20 --> Global POST, GET and COOKIE data sanitized
DEBUG - 2019-05-07 16:37:20 --> Config file loaded: D:\Project Adjad\pesantren\backup\github\sisfotren\application\config/app_config.php
DEBUG - 2019-05-07 16:37:20 --> Total execution time: 0.1581
ERROR - 2019-05-07 16:37:20 --> 404 Page Not Found: 
DEBUG - 2019-05-07 16:37:21 --> UTF-8 Support Enabled
DEBUG - 2019-05-07 16:37:21 --> Global POST, GET and COOKIE data sanitized
DEBUG - 2019-05-07 16:37:21 --> Config file loaded: D:\Project Adjad\pesantren\backup\github\sisfotren\application\config/app_config.php
ERROR - 2019-05-07 16:37:21 --> 404 Page Not Found: 
DEBUG - 2019-05-07 16:37:24 --> UTF-8 Support Enabled
DEBUG - 2019-05-07 16:37:24 --> Global POST, GET and COOKIE data sanitized
DEBUG - 2019-05-07 16:37:24 --> Config file loaded: D:\Project Adjad\pesantren\backup\github\sisfotren\application\config/app_config.php
ERROR - 2019-05-07 16:37:24 --> 404 Page Not Found: 
DEBUG - 2019-05-07 16:38:34 --> UTF-8 Support Enabled
DEBUG - 2019-05-07 16:38:34 --> No URI present. Default controller set.
DEBUG - 2019-05-07 16:38:34 --> Global POST, GET and COOKIE data sanitized
DEBUG - 2019-05-07 16:38:34 --> Config file loaded: D:\Project Adjad\pesantren\backup\github\sisfotren\application\config/app_config.php
DEBUG - 2019-05-07 16:38:34 --> Session class already loaded. Second attempt ignored.
DEBUG - 2019-05-07 16:38:34 --> Total execution time: 0.1002
DEBUG - 2019-05-07 16:38:34 --> UTF-8 Support Enabled
DEBUG - 2019-05-07 16:38:34 --> UTF-8 Support Enabled
DEBUG - 2019-05-07 16:38:34 --> Global POST, GET and COOKIE data sanitized
DEBUG - 2019-05-07 16:38:34 --> Global POST, GET and COOKIE data sanitized
DEBUG - 2019-05-07 16:38:34 --> Config file loaded: D:\Project Adjad\pesantren\backup\github\sisfotren\application\config/app_config.php
DEBUG - 2019-05-07 16:38:34 --> Config file loaded: D:\Project Adjad\pesantren\backup\github\sisfotren\application\config/app_config.php
ERROR - 2019-05-07 16:38:34 --> 404 Page Not Found: 
DEBUG - 2019-05-07 16:38:34 --> Total execution time: 0.1487
DEBUG - 2019-05-07 16:38:35 --> UTF-8 Support Enabled
DEBUG - 2019-05-07 16:38:35 --> Global POST, GET and COOKIE data sanitized
DEBUG - 2019-05-07 16:38:35 --> Config file loaded: D:\Project Adjad\pesantren\backup\github\sisfotren\application\config/app_config.php
DEBUG - 2019-05-07 16:38:35 --> Total execution time: 0.1518
DEBUG - 2019-05-07 16:38:35 --> UTF-8 Support Enabled
DEBUG - 2019-05-07 16:38:35 --> Global POST, GET and COOKIE data sanitized
DEBUG - 2019-05-07 16:38:35 --> UTF-8 Support Enabled
DEBUG - 2019-05-07 16:38:35 --> Config file loaded: D:\Project Adjad\pesantren\backup\github\sisfotren\application\config/app_config.php
DEBUG - 2019-05-07 16:38:35 --> Global POST, GET and COOKIE data sanitized
DEBUG - 2019-05-07 16:38:35 --> Config file loaded: D:\Project Adjad\pesantren\backup\github\sisfotren\application\config/app_config.php
ERROR - 2019-05-07 16:38:35 --> 404 Page Not Found: 
ERROR - 2019-05-07 16:38:36 --> 404 Page Not Found: 
DEBUG - 2019-05-07 16:38:36 --> UTF-8 Support Enabled
DEBUG - 2019-05-07 16:38:36 --> Global POST, GET and COOKIE data sanitized
DEBUG - 2019-05-07 16:38:36 --> Config file loaded: D:\Project Adjad\pesantren\backup\github\sisfotren\application\config/app_config.php
ERROR - 2019-05-07 16:38:36 --> 404 Page Not Found: 
DEBUG - 2019-05-07 16:39:53 --> UTF-8 Support Enabled
DEBUG - 2019-05-07 16:39:53 --> Global POST, GET and COOKIE data sanitized
DEBUG - 2019-05-07 16:39:53 --> Config file loaded: D:\Project Adjad\pesantren\backup\github\sisfotren\application\config/app_config.php
ERROR - 2019-05-07 16:39:53 --> 404 Page Not Found: 
DEBUG - 2019-05-07 16:39:55 --> UTF-8 Support Enabled
DEBUG - 2019-05-07 16:39:55 --> Global POST, GET and COOKIE data sanitized
DEBUG - 2019-05-07 16:39:55 --> Config file loaded: D:\Project Adjad\pesantren\backup\github\sisfotren\application\config/app_config.php
ERROR - 2019-05-07 16:39:55 --> 404 Page Not Found: 
